

Processing TestsController#index (for 127.0.0.1 at 2010-01-05 12:41:32) [GET]

ActionView::MissingTemplate (Missing template tests/index.erb in view path app/views):
  

Rendering rescues/layout (internal_server_error)


Processing TestsController#index (for 127.0.0.1 at 2010-01-05 12:41:38) [GET]

ActionView::MissingTemplate (Missing template tests/index.erb in view path app/views):
  

Rendering rescues/layout (internal_server_error)


Processing TestsController#index (for 127.0.0.1 at 2010-01-05 12:43:51) [GET]
Rendering tests/index
Completed in 41ms (View: 40, DB: 0) | 200 OK [http://localhost/tests]


Processing TestsController#index (for 127.0.0.1 at 2010-01-05 12:43:52) [GET]
Rendering tests/index
Completed in 2ms (View: 1, DB: 0) | 200 OK [http://localhost/tests]


Processing TestsController#index (for 127.0.0.1 at 2010-01-05 12:43:53) [GET]
Rendering tests/index
Completed in 2ms (View: 0, DB: 0) | 200 OK [http://localhost/tests]


Processing TestsController#index (for 127.0.0.1 at 2010-01-05 12:43:53) [GET]
Rendering tests/index
Completed in 1ms (View: 0, DB: 0) | 200 OK [http://localhost/tests]


Processing TestsController#index (for 127.0.0.1 at 2010-01-05 12:44:05) [GET]
Rendering tests/index
Completed in 3ms (View: 2, DB: 0) | 200 OK [http://localhost/tests]


Processing TestsController#index (for 127.0.0.1 at 2010-01-05 12:44:06) [GET]
Rendering tests/index
Completed in 1ms (View: 0, DB: 0) | 200 OK [http://localhost/tests]


Processing TestsController#show (for 127.0.0.1 at 2010-01-05 12:44:10) [GET]
  Parameters: {"id"=>"1"}
Rendering tests/show
Completed in 61ms (View: 3, DB: 0) | 200 OK [http://localhost/tests/1]


Processing TestsController#show (for 127.0.0.1 at 2010-01-05 12:44:14) [GET]
  Parameters: {"id"=>"1"}
Rendering tests/show
Completed in 2ms (View: 0, DB: 0) | 200 OK [http://localhost/tests/1]


Processing TestsController#show (for 127.0.0.1 at 2010-01-05 12:44:15) [GET]
  Parameters: {"id"=>"1"}
Rendering tests/show
Completed in 2ms (View: 1, DB: 0) | 200 OK [http://localhost/tests/1]


Processing TestsController#index (for 127.0.0.1 at 2010-01-05 12:44:16) [GET]
Rendering tests/index
Completed in 1ms (View: 0, DB: 0) | 200 OK [http://localhost/tests]


Processing TestsController#index (for 127.0.0.1 at 2010-01-05 12:44:17) [GET]
Rendering tests/index
Completed in 1ms (View: 0, DB: 0) | 200 OK [http://localhost/tests]
/!\ FAILSAFE /!\  Tue Jan 05 12:44:41 -0500 2010
  Status: 500 Internal Server Error
  /private/tmp/foo/app/controllers/application_controller.rb:8: syntax error, unexpected tIDENTIFIER, expecting kDO or '{' or '('
	session :off, :if => { raise response.inspect }
	                                     ^
/private/tmp/foo/app/controllers/application_controller.rb:8: syntax error, unexpected '}', expecting kEND
    /Library/Ruby/Gems/1.8/gems/activesupport-2.3.5/lib/active_support/dependencies.rb:380:in `load_without_new_constant_marking'
    /Library/Ruby/Gems/1.8/gems/activesupport-2.3.5/lib/active_support/dependencies.rb:380:in `load_file'
    /Library/Ruby/Gems/1.8/gems/activesupport-2.3.5/lib/active_support/dependencies.rb:521:in `new_constants_in'
    /Library/Ruby/Gems/1.8/gems/activesupport-2.3.5/lib/active_support/dependencies.rb:379:in `load_file'
    /Library/Ruby/Gems/1.8/gems/activesupport-2.3.5/lib/active_support/dependencies.rb:259:in `require_or_load'
    /Library/Ruby/Gems/1.8/gems/activesupport-2.3.5/lib/active_support/dependencies.rb:425:in `load_missing_constant'
    /Library/Ruby/Gems/1.8/gems/activesupport-2.3.5/lib/active_support/dependencies.rb:80:in `const_missing'
    /Library/Ruby/Gems/1.8/gems/activesupport-2.3.5/lib/active_support/dependencies.rb:92:in `const_missing'
    /Library/Ruby/Gems/1.8/gems/actionpack-2.3.5/lib/action_controller/dispatcher.rb:89:in `dispatch'
    /Library/Ruby/Gems/1.8/gems/actionpack-2.3.5/lib/action_controller/dispatcher.rb:121:in `_call'
    /Library/Ruby/Gems/1.8/gems/actionpack-2.3.5/lib/action_controller/dispatcher.rb:130:in `build_middleware_stack'
    /Library/Ruby/Gems/1.8/gems/activerecord-2.3.5/lib/active_record/query_cache.rb:29:in `call'
    /Library/Ruby/Gems/1.8/gems/activerecord-2.3.5/lib/active_record/query_cache.rb:29:in `call'
    /Library/Ruby/Gems/1.8/gems/activerecord-2.3.5/lib/active_record/connection_adapters/abstract/query_cache.rb:34:in `cache'
    /Library/Ruby/Gems/1.8/gems/activerecord-2.3.5/lib/active_record/query_cache.rb:9:in `cache'
    /Library/Ruby/Gems/1.8/gems/activerecord-2.3.5/lib/active_record/query_cache.rb:28:in `call'
    /Library/Ruby/Gems/1.8/gems/activerecord-2.3.5/lib/active_record/connection_adapters/abstract/connection_pool.rb:361:in `call'
    /Library/Ruby/Gems/1.8/gems/actionpack-2.3.5/lib/action_controller/string_coercion.rb:25:in `call'
    /Library/Ruby/Gems/1.8/gems/rack-1.0.1/lib/rack/head.rb:9:in `call'
    /Library/Ruby/Gems/1.8/gems/rack-1.0.1/lib/rack/methodoverride.rb:24:in `call'
    /Library/Ruby/Gems/1.8/gems/actionpack-2.3.5/lib/action_controller/params_parser.rb:15:in `call'
    /Library/Ruby/Gems/1.8/gems/actionpack-2.3.5/lib/action_controller/session/cookie_store.rb:93:in `call'
    /Library/Ruby/Gems/1.8/gems/actionpack-2.3.5/lib/action_controller/failsafe.rb:26:in `call'
    /Library/Ruby/Gems/1.8/gems/rack-1.0.1/lib/rack/lock.rb:11:in `call'
    /Library/Ruby/Gems/1.8/gems/rack-1.0.1/lib/rack/lock.rb:11:in `synchronize'
    /Library/Ruby/Gems/1.8/gems/rack-1.0.1/lib/rack/lock.rb:11:in `call'
    /Library/Ruby/Gems/1.8/gems/actionpack-2.3.5/lib/action_controller/dispatcher.rb:114:in `call'
    /Library/Ruby/Gems/1.8/gems/actionpack-2.3.5/lib/action_controller/reloader.rb:34:in `run'
    /Library/Ruby/Gems/1.8/gems/actionpack-2.3.5/lib/action_controller/dispatcher.rb:108:in `call'
    /Library/Ruby/Gems/1.8/gems/rails-2.3.5/lib/rails/rack/static.rb:31:in `call'
    /Library/Ruby/Gems/1.8/gems/rack-1.0.1/lib/rack/urlmap.rb:46:in `call'
    /Library/Ruby/Gems/1.8/gems/rack-1.0.1/lib/rack/urlmap.rb:40:in `each'
    /Library/Ruby/Gems/1.8/gems/rack-1.0.1/lib/rack/urlmap.rb:40:in `call'
    /Library/Ruby/Gems/1.8/gems/rails-2.3.5/lib/rails/rack/log_tailer.rb:17:in `call'
    /Library/Ruby/Gems/1.8/gems/rack-1.0.1/lib/rack/content_length.rb:13:in `call'
    /Library/Ruby/Gems/1.8/gems/rack-1.0.1/lib/rack/chunked.rb:15:in `call'
    /Library/Ruby/Gems/1.8/gems/rack-1.0.1/lib/rack/handler/mongrel.rb:64:in `process'
    /System/Library/Frameworks/Ruby.framework/Versions/1.8/usr/lib/ruby/gems/1.8/gems/mongrel-1.1.5/lib/mongrel.rb:159:in `process_client'
    /System/Library/Frameworks/Ruby.framework/Versions/1.8/usr/lib/ruby/gems/1.8/gems/mongrel-1.1.5/lib/mongrel.rb:158:in `each'
    /System/Library/Frameworks/Ruby.framework/Versions/1.8/usr/lib/ruby/gems/1.8/gems/mongrel-1.1.5/lib/mongrel.rb:158:in `process_client'
    /System/Library/Frameworks/Ruby.framework/Versions/1.8/usr/lib/ruby/gems/1.8/gems/mongrel-1.1.5/lib/mongrel.rb:285:in `run'
    /System/Library/Frameworks/Ruby.framework/Versions/1.8/usr/lib/ruby/gems/1.8/gems/mongrel-1.1.5/lib/mongrel.rb:285:in `initialize'
    /System/Library/Frameworks/Ruby.framework/Versions/1.8/usr/lib/ruby/gems/1.8/gems/mongrel-1.1.5/lib/mongrel.rb:285:in `new'
    /System/Library/Frameworks/Ruby.framework/Versions/1.8/usr/lib/ruby/gems/1.8/gems/mongrel-1.1.5/lib/mongrel.rb:285:in `run'
    /System/Library/Frameworks/Ruby.framework/Versions/1.8/usr/lib/ruby/gems/1.8/gems/mongrel-1.1.5/lib/mongrel.rb:268:in `initialize'
    /System/Library/Frameworks/Ruby.framework/Versions/1.8/usr/lib/ruby/gems/1.8/gems/mongrel-1.1.5/lib/mongrel.rb:268:in `new'
    /System/Library/Frameworks/Ruby.framework/Versions/1.8/usr/lib/ruby/gems/1.8/gems/mongrel-1.1.5/lib/mongrel.rb:268:in `run'
    /Library/Ruby/Gems/1.8/gems/rack-1.0.1/lib/rack/handler/mongrel.rb:34:in `run'
    /Library/Ruby/Gems/1.8/gems/rails-2.3.5/lib/commands/server.rb:111
    /Library/Ruby/Site/1.8/rubygems/custom_require.rb:31:in `gem_original_require'
    /Library/Ruby/Site/1.8/rubygems/custom_require.rb:31:in `require'
    script/server:3
DEPRECATION WARNING: Disabling sessions for a single controller has been deprecated. Sessions are now lazy loaded. So if you don't access them, consider them off. You can still modify the session cookie options with request.session_options.. (called from /private/tmp/foo/app/controllers/application_controller.rb:8)


Processing TestsController#index (for 127.0.0.1 at 2010-01-05 12:45:06) [GET]
Rendering tests/index
Completed in 2ms (View: 1, DB: 0) | 200 OK [http://localhost/tests]
DEPRECATION WARNING: Disabling sessions for a single controller has been deprecated. Sessions are now lazy loaded. So if you don't access them, consider them off. You can still modify the session cookie options with request.session_options.. (called from /private/tmp/foo/app/controllers/application_controller.rb:8)


Processing TestsController#index (for 127.0.0.1 at 2010-01-05 12:45:10) [GET]
Rendering tests/index
Completed in 2ms (View: 1, DB: 0) | 200 OK [http://localhost/tests]
DEPRECATION WARNING: Disabling sessions for a single controller has been deprecated. Sessions are now lazy loaded. So if you don't access them, consider them off. You can still modify the session cookie options with request.session_options.. (called from /private/tmp/foo/app/controllers/application_controller.rb:8)


Processing TestsController#index (for 127.0.0.1 at 2010-01-05 12:45:59) [GET]
Rendering tests/index
Completed in 1ms (View: 0, DB: 0) | 200 OK [http://localhost/tests]


Processing TestsController#index (for 127.0.0.1 at 2010-01-05 12:47:48) [GET]
Rendering tests/index

RuntimeError (foo):
  app/controllers/application_controller.rb:9

Rendered rescues/_trace (28.1ms)
Rendered rescues/_request_and_response (0.9ms)
Rendering rescues/layout (internal_server_error)


Processing TestsController#index (for 127.0.0.1 at 2010-01-05 12:47:59) [GET]
Rendering tests/index

NameError (undefined local variable or method `request' for ApplicationController:Class):
  app/controllers/application_controller.rb:9

Rendered rescues/_trace (27.5ms)
Rendered rescues/_request_and_response (0.2ms)
Rendering rescues/layout (internal_server_error)


Processing TestsController#index (for 127.0.0.1 at 2010-01-05 12:48:02) [GET]
Rendering tests/index

NameError (undefined local variable or method `request' for ApplicationController:Class):
  app/controllers/application_controller.rb:9

Rendered rescues/_trace (27.2ms)
Rendered rescues/_request_and_response (0.3ms)
Rendering rescues/layout (internal_server_error)


Processing TestsController#index (for 127.0.0.1 at 2010-01-05 12:48:06) [GET]
Rendering tests/index

NoMethodError (undefined method `session_options' for #<TestsController:0x1033a3b18>):
  app/controllers/application_controller.rb:9

Rendered rescues/_trace (87.8ms)
Rendered rescues/_request_and_response (0.2ms)
Rendering rescues/layout (internal_server_error)


Processing TestsController#index (for 127.0.0.1 at 2010-01-05 12:48:17) [GET]
Rendering tests/index

NameError (undefined local variable or method `controller' for ApplicationController:Class):
  app/controllers/application_controller.rb:9

Rendered rescues/_trace (26.7ms)
Rendered rescues/_request_and_response (0.2ms)
Rendering rescues/layout (internal_server_error)


Processing TestsController#index (for 127.0.0.1 at 2010-01-05 12:48:21) [GET]
Rendering tests/index

RuntimeError ({:path=>"/", :domain=>nil, :key=>"_session_id", :expire_after=>nil, :httponly=>true}):
  app/controllers/application_controller.rb:9

Rendered rescues/_trace (26.4ms)
Rendered rescues/_request_and_response (0.3ms)
Rendering rescues/layout (internal_server_error)
